[11/Feb/2021 05:41:17] "GET /chess/room/942537/ HTTP/1.1" 301 0
[11/Feb/2021 05:42:37] "GET /chess/room/4487219/ HTTP/1.1" 301 0
[11/Feb/2021 05:42:38] "GET /chess/room/4487219/ HTTP/1.0" 301 0
Performing system checks...

System check identified no issues (0 silenced).

You have 18 unapplied migration(s). Your project may not work properly until you apply the migrations for app(s): admin, auth, contenttypes, sessions.
Run 'python manage.py migrate' to apply them.
February 11, 2021 - 05:41:09
Django version 3.1.6, using settings 'iptv.settings'
Starting development server at http://0:8000/
Quit the server with CONTROL-C.
Performing system checks...

System check identified no issues (0 silenced).

You have 18 unapplied migration(s). Your project may not work properly until you apply the migrations for app(s): admin, auth, contenttypes, sessions.
Run 'python manage.py migrate' to apply them.
February 11, 2021 - 05:43:01
Django version 3.1.6, using settings 'iptv.settings'
Starting development server at http://0:8000/
Quit the server with CONTROL-C.
[11/Feb/2021 05:45:20] "GET /chess/room/4487219/ HTTP/1.1" 301 0
[11/Feb/2021 05:45:22] "GET /chess/room/4487219/ HTTP/1.0" 301 0
[11/Feb/2021 05:53:51] "GET /chess/room/942537/ HTTP/1.1" 301 0
[11/Feb/2021 09:11:39] "GET /chess/room/4487219/ HTTP/1.1" 301 0
[11/Feb/2021 09:11:46] "GET /chess/room/942537/ HTTP/1.1" 301 0
[11/Feb/2021 09:33:42] "GET /chess/room/4487219/ HTTP/1.1" 301 0
[11/Feb/2021 09:49:17] "GET /chess/room/4487219/ HTTP/1.1" 301 0
